2019-07-07 11:52:10 PM	SYSTEM INFO - Synch Service Started
2019-07-07 11:52:30 PM	SYSTEM INFO - Synch Service Stoped
2019-07-07 11:54:06 PM	SYSTEM INFO - Synch Service Started
2019-07-07 11:54:07 PM	Synch SQL - User cisadmin already has more than 'max_user_connections' active connections
2019-07-07 11:54:07 PM	Synch SQL - User cisadmin already has more than 'max_user_connections' active connections
2019-07-07 11:54:08 PM	Synch SQL - User cisadmin already has more than 'max_user_connections' active connections
2019-07-07 11:54:08 PM	Synch SQL - User cisadmin already has more than 'max_user_connections' active connections
2019-07-07 11:54:09 PM	Synch SQL - User cisadmin already has more than 'max_user_connections' active connections
2019-07-07 11:54:09 PM	Synch SQL - User cisadmin already has more than 'max_user_connections' active connections
2019-07-07 11:54:10 PM	Synch SQL - User cisadmin already has more than 'max_user_connections' active connections
2019-07-07 11:54:10 PM	Synch SQL - User cisadmin already has more than 'max_user_connections' active connections
2019-07-07 11:54:11 PM	Synch SQL - User cisadmin already has more than 'max_user_connections' active connections
2019-07-07 11:54:11 PM	Synch SQL - User cisadmin already has more than 'max_user_connections' active connections
2019-07-07 11:54:12 PM	Synch SQL - User cisadmin already has more than 'max_user_connections' active connections
2019-07-07 11:54:12 PM	Synch SQL - User cisadmin already has more than 'max_user_connections' active connections
2019-07-07 11:54:13 PM	Synch SQL - User cisadmin already has more than 'max_user_connections' active connections
2019-07-07 11:54:13 PM	Synch SQL - User cisadmin already has more than 'max_user_connections' active connections
2019-07-07 11:54:14 PM	Synch SQL - User cisadmin already has more than 'max_user_connections' active connections
2019-07-07 11:54:14 PM	Synch SQL - User cisadmin already has more than 'max_user_connections' active connections
2019-07-07 11:54:15 PM	Synch SQL - User cisadmin already has more than 'max_user_connections' active connections
2019-07-07 11:54:15 PM	Synch SQL - User cisadmin already has more than 'max_user_connections' active connections
2019-07-07 11:54:16 PM	Synch SQL - User cisadmin already has more than 'max_user_connections' active connections
2019-07-07 11:54:16 PM	Synch SQL - User cisadmin already has more than 'max_user_connections' active connections
2019-07-07 11:54:17 PM	Synch SQL - User cisadmin already has more than 'max_user_connections' active connections
2019-07-07 11:54:17 PM	Synch SQL - User cisadmin already has more than 'max_user_connections' active connections
2019-07-07 11:54:18 PM	Synch SQL - User cisadmin already has more than 'max_user_connections' active connections
2019-07-07 11:54:18 PM	Synch SQL - User cisadmin already has more than 'max_user_connections' active connections
2019-07-07 11:54:19 PM	Synch SQL - User cisadmin already has more than 'max_user_connections' active connections
2019-07-07 11:54:19 PM	Synch SQL - User cisadmin already has more than 'max_user_connections' active connections
2019-07-07 11:54:20 PM	Synch SQL - User cisadmin already has more than 'max_user_connections' active connections
2019-07-07 11:54:20 PM	Synch SQL - User cisadmin already has more than 'max_user_connections' active connections
2019-07-07 11:54:21 PM	Synch SQL - User cisadmin already has more than 'max_user_connections' active connections
2019-07-07 11:54:21 PM	Synch SQL - User cisadmin already has more than 'max_user_connections' active connections
2019-07-07 11:54:22 PM	Synch SQL - User cisadmin already has more than 'max_user_connections' active connections
2019-07-07 11:54:22 PM	Synch SQL - User cisadmin already has more than 'max_user_connections' active connections
2019-07-07 11:54:23 PM	Synch SQL - User cisadmin already has more than 'max_user_connections' active connections
2019-07-07 11:54:25 PM	Synch SQL - begin delete
2019-07-07 11:54:25 PM	Synch SQL - begin delete
2019-07-07 11:54:25 PM	Synch SQL - begin delete
2019-07-07 11:54:26 PM	Synch SQL - begin delete
2019-07-07 11:54:26 PM	Synch SQL - begin delete
2019-07-07 11:54:26 PM	Synch SQL - begin insert
2019-07-07 11:54:26 PM	Synch SQL - begin insert
2019-07-07 11:54:26 PM	Synch SQL - begin delete
2019-07-07 11:54:26 PM	Synch SQL - begin delete
2019-07-07 11:54:26 PM	Synch SQL - begin insert
2019-07-07 11:54:27 PM	Synch SQL - begin insert
2019-07-07 11:54:33 PM	SYSTEM INFO - Synch Service Stoped
